[Thu Nov 17 08:52:39.988627 2016] [ssl:warn] [pid 8232:tid 596] AH01873: Init: Session Cache is not configured [hint: SSLSessionCache]
[Thu Nov 17 08:52:40.559195 2016] [mpm_winnt:notice] [pid 8232:tid 596] AH00455: Apache/2.4.3 (Win32) OpenSSL/1.0.1c PHP/5.4.7 configured -- resuming normal operations
[Thu Nov 17 08:52:40.559695 2016] [mpm_winnt:notice] [pid 8232:tid 596] AH00456: Server built: Aug 18 2012 12:41:37
[Thu Nov 17 08:52:40.559695 2016] [core:notice] [pid 8232:tid 596] AH00094: Command line: 'c:\\xampp\\apache\\bin\\httpd.exe -d C:/xampp/apache'
[Thu Nov 17 08:52:40.636704 2016] [mpm_winnt:notice] [pid 8232:tid 596] AH00418: Parent: Created child process 5176
[Thu Nov 17 08:52:48.503361 2016] [ssl:warn] [pid 5176:tid 616] AH01873: Init: Session Cache is not configured [hint: SSLSessionCache]
[Thu Nov 17 08:52:48.732894 2016] [mpm_winnt:notice] [pid 5176:tid 616] AH00354: Child: Starting 150 worker threads.
[Thu Nov 24 09:02:34.995077 2016] [core:warn] [pid 11128:tid 520] AH00098: pid file C:/xampp/apache/logs/httpd.pid overwritten -- Unclean shutdown of previous Apache run?
[Thu Nov 24 09:02:36.023703 2016] [ssl:warn] [pid 11128:tid 520] AH01873: Init: Session Cache is not configured [hint: SSLSessionCache]
[Thu Nov 24 09:02:38.076357 2016] [mpm_winnt:notice] [pid 11128:tid 520] AH00455: Apache/2.4.3 (Win32) OpenSSL/1.0.1c PHP/5.4.7 configured -- resuming normal operations
[Thu Nov 24 09:02:38.076857 2016] [mpm_winnt:notice] [pid 11128:tid 520] AH00456: Server built: Aug 18 2012 12:41:37
[Thu Nov 24 09:02:38.076857 2016] [core:notice] [pid 11128:tid 520] AH00094: Command line: 'c:\\xampp\\apache\\bin\\httpd.exe -d C:/xampp/apache'
[Thu Nov 24 09:02:38.129864 2016] [mpm_winnt:notice] [pid 11128:tid 520] AH00418: Parent: Created child process 5132
[Thu Nov 24 09:02:42.595966 2016] [ssl:warn] [pid 5132:tid 616] AH01873: Init: Session Cache is not configured [hint: SSLSessionCache]
[Thu Nov 24 09:02:42.737525 2016] [mpm_winnt:notice] [pid 5132:tid 616] AH00354: Child: Starting 150 worker threads.
[Thu Nov 24 22:05:39.208313 2016] [core:warn] [pid 8072:tid 480] AH00098: pid file C:/xampp/apache/logs/httpd.pid overwritten -- Unclean shutdown of previous Apache run?
[Thu Nov 24 22:05:40.443082 2016] [ssl:warn] [pid 8072:tid 480] AH01873: Init: Session Cache is not configured [hint: SSLSessionCache]
[Thu Nov 24 22:05:42.653103 2016] [mpm_winnt:notice] [pid 8072:tid 480] AH00455: Apache/2.4.3 (Win32) OpenSSL/1.0.1c PHP/5.4.7 configured -- resuming normal operations
[Thu Nov 24 22:05:42.654100 2016] [mpm_winnt:notice] [pid 8072:tid 480] AH00456: Server built: Aug 18 2012 12:41:37
[Thu Nov 24 22:05:42.654100 2016] [core:notice] [pid 8072:tid 480] AH00094: Command line: 'c:\\xampp\\apache\\bin\\httpd.exe -d C:/xampp/apache'
[Thu Nov 24 22:05:42.705694 2016] [mpm_winnt:notice] [pid 8072:tid 480] AH00418: Parent: Created child process 14060
[Thu Nov 24 22:05:48.126993 2016] [ssl:warn] [pid 14060:tid 580] AH01873: Init: Session Cache is not configured [hint: SSLSessionCache]
[Thu Nov 24 22:05:48.344067 2016] [mpm_winnt:notice] [pid 14060:tid 580] AH00354: Child: Starting 150 worker threads.
[Sun Nov 27 16:44:23.796433 2016] [core:warn] [pid 3408:tid 576] AH00098: pid file C:/xampp/apache/logs/httpd.pid overwritten -- Unclean shutdown of previous Apache run?
[Sun Nov 27 16:44:24.624629 2016] [ssl:warn] [pid 3408:tid 576] AH01873: Init: Session Cache is not configured [hint: SSLSessionCache]
[Sun Nov 27 16:44:25.968374 2016] [mpm_winnt:notice] [pid 3408:tid 576] AH00455: Apache/2.4.3 (Win32) OpenSSL/1.0.1c PHP/5.4.7 configured -- resuming normal operations
[Sun Nov 27 16:44:25.968374 2016] [mpm_winnt:notice] [pid 3408:tid 576] AH00456: Server built: Aug 18 2012 12:41:37
[Sun Nov 27 16:44:25.968374 2016] [core:notice] [pid 3408:tid 576] AH00094: Command line: 'c:\\xampp\\apache\\bin\\httpd.exe -d C:/xampp/apache'
[Sun Nov 27 16:44:26.015174 2016] [mpm_winnt:notice] [pid 3408:tid 576] AH00418: Parent: Created child process 4452
[Sun Nov 27 16:44:29.749534 2016] [ssl:warn] [pid 4452:tid 588] AH01873: Init: Session Cache is not configured [hint: SSLSessionCache]
[Sun Nov 27 16:44:29.952662 2016] [mpm_winnt:notice] [pid 4452:tid 588] AH00354: Child: Starting 150 worker threads.
[Sun Nov 27 16:44:30.046412 2016] [:error] [pid 4452:tid 2044] [client ::1:53289] script 'C:/xampp/htdocs/tugas6/EricWi.php' not found or unable to stat
[Wed Dec 07 16:14:49.237528 2016] [core:warn] [pid 9204:tid 564] AH00098: pid file C:/xampp/apache/logs/httpd.pid overwritten -- Unclean shutdown of previous Apache run?
[Wed Dec 07 16:14:50.612527 2016] [ssl:warn] [pid 9204:tid 564] AH01873: Init: Session Cache is not configured [hint: SSLSessionCache]
[Wed Dec 07 16:14:53.221896 2016] [mpm_winnt:notice] [pid 9204:tid 564] AH00455: Apache/2.4.3 (Win32) OpenSSL/1.0.1c PHP/5.4.7 configured -- resuming normal operations
[Wed Dec 07 16:14:53.221896 2016] [mpm_winnt:notice] [pid 9204:tid 564] AH00456: Server built: Aug 18 2012 12:41:37
[Wed Dec 07 16:14:53.221896 2016] [core:notice] [pid 9204:tid 564] AH00094: Command line: 'c:\\xampp\\apache\\bin\\httpd.exe -d C:/xampp/apache'
[Wed Dec 07 16:14:53.268771 2016] [mpm_winnt:notice] [pid 9204:tid 564] AH00418: Parent: Created child process 4348
[Wed Dec 07 16:15:02.300005 2016] [ssl:warn] [pid 4348:tid 564] AH01873: Init: Session Cache is not configured [hint: SSLSessionCache]
[Wed Dec 07 16:15:02.581256 2016] [mpm_winnt:notice] [pid 4348:tid 564] AH00354: Child: Starting 150 worker threads.
[Thu Dec 08 08:55:44.657257 2016] [core:warn] [pid 3768:tid 552] AH00098: pid file C:/xampp/apache/logs/httpd.pid overwritten -- Unclean shutdown of previous Apache run?
[Thu Dec 08 08:55:45.488636 2016] [ssl:warn] [pid 3768:tid 552] AH01873: Init: Session Cache is not configured [hint: SSLSessionCache]
[Thu Dec 08 08:55:46.673021 2016] [mpm_winnt:notice] [pid 3768:tid 552] AH00455: Apache/2.4.3 (Win32) OpenSSL/1.0.1c PHP/5.4.7 configured -- resuming normal operations
[Thu Dec 08 08:55:46.673021 2016] [mpm_winnt:notice] [pid 3768:tid 552] AH00456: Server built: Aug 18 2012 12:41:37
[Thu Dec 08 08:55:46.673021 2016] [core:notice] [pid 3768:tid 552] AH00094: Command line: 'c:\\xampp\\apache\\bin\\httpd.exe -d C:/xampp/apache'
[Thu Dec 08 08:55:47.420446 2016] [mpm_winnt:notice] [pid 3768:tid 552] AH00418: Parent: Created child process 5944
[Thu Dec 08 08:55:53.050412 2016] [ssl:warn] [pid 5944:tid 612] AH01873: Init: Session Cache is not configured [hint: SSLSessionCache]
[Thu Dec 08 08:55:53.181420 2016] [mpm_winnt:notice] [pid 5944:tid 612] AH00354: Child: Starting 150 worker threads.
[Fri Dec 09 12:17:38.352546 2016] [core:warn] [pid 6300:tid 536] AH00098: pid file C:/xampp/apache/logs/httpd.pid overwritten -- Unclean shutdown of previous Apache run?
[Fri Dec 09 12:17:38.983056 2016] [ssl:warn] [pid 6300:tid 536] AH01873: Init: Session Cache is not configured [hint: SSLSessionCache]
[Fri Dec 09 12:17:40.550861 2016] [mpm_winnt:notice] [pid 6300:tid 536] AH00455: Apache/2.4.3 (Win32) OpenSSL/1.0.1c PHP/5.4.7 configured -- resuming normal operations
[Fri Dec 09 12:17:40.550861 2016] [mpm_winnt:notice] [pid 6300:tid 536] AH00456: Server built: Aug 18 2012 12:41:37
[Fri Dec 09 12:17:40.550861 2016] [core:notice] [pid 6300:tid 536] AH00094: Command line: 'c:\\xampp\\apache\\bin\\httpd.exe -d C:/xampp/apache'
[Fri Dec 09 12:17:40.582111 2016] [mpm_winnt:notice] [pid 6300:tid 536] AH00418: Parent: Created child process 5248
[Fri Dec 09 12:17:45.709265 2016] [ssl:warn] [pid 5248:tid 556] AH01873: Init: Session Cache is not configured [hint: SSLSessionCache]
[Fri Dec 09 12:17:45.862784 2016] [mpm_winnt:notice] [pid 5248:tid 556] AH00354: Child: Starting 150 worker threads.
[Sun Dec 11 12:50:52.554511 2016] [core:warn] [pid 444:tid 552] AH00098: pid file C:/xampp/apache/logs/httpd.pid overwritten -- Unclean shutdown of previous Apache run?
[Sun Dec 11 12:50:53.356336 2016] [ssl:warn] [pid 444:tid 552] AH01873: Init: Session Cache is not configured [hint: SSLSessionCache]
[Sun Dec 11 12:50:55.041967 2016] [mpm_winnt:notice] [pid 444:tid 552] AH00455: Apache/2.4.3 (Win32) OpenSSL/1.0.1c PHP/5.4.7 configured -- resuming normal operations
[Sun Dec 11 12:50:55.041967 2016] [mpm_winnt:notice] [pid 444:tid 552] AH00456: Server built: Aug 18 2012 12:41:37
[Sun Dec 11 12:50:55.041967 2016] [core:notice] [pid 444:tid 552] AH00094: Command line: 'c:\\xampp\\apache\\bin\\httpd.exe -d C:/xampp/apache'
[Sun Dec 11 12:50:55.104471 2016] [mpm_winnt:notice] [pid 444:tid 552] AH00418: Parent: Created child process 5068
[Sun Dec 11 12:50:59.693035 2016] [ssl:warn] [pid 5068:tid 576] AH01873: Init: Session Cache is not configured [hint: SSLSessionCache]
[Sun Dec 11 12:50:59.812282 2016] [mpm_winnt:notice] [pid 5068:tid 576] AH00354: Child: Starting 150 worker threads.
[Sun Dec 11 16:39:37.444285 2016] [core:warn] [pid 6796:tid 640] AH00098: pid file C:/xampp/apache/logs/httpd.pid overwritten -- Unclean shutdown of previous Apache run?
[Sun Dec 11 16:39:39.175976 2016] [ssl:warn] [pid 6796:tid 640] AH01873: Init: Session Cache is not configured [hint: SSLSessionCache]
[Sun Dec 11 16:39:42.325902 2016] [mpm_winnt:notice] [pid 6796:tid 640] AH00455: Apache/2.4.3 (Win32) OpenSSL/1.0.1c PHP/5.4.7 configured -- resuming normal operations
[Sun Dec 11 16:39:42.325902 2016] [mpm_winnt:notice] [pid 6796:tid 640] AH00456: Server built: Aug 18 2012 12:41:37
[Sun Dec 11 16:39:42.328902 2016] [core:notice] [pid 6796:tid 640] AH00094: Command line: 'c:\\xampp\\apache\\bin\\httpd.exe -d C:/xampp/apache'
[Sun Dec 11 16:39:42.404413 2016] [mpm_winnt:notice] [pid 6796:tid 640] AH00418: Parent: Created child process 7388
[Sun Dec 11 16:39:54.043611 2016] [ssl:warn] [pid 7388:tid 620] AH01873: Init: Session Cache is not configured [hint: SSLSessionCache]
[Sun Dec 11 16:39:54.437615 2016] [mpm_winnt:notice] [pid 7388:tid 620] AH00354: Child: Starting 150 worker threads.
[Tue Dec 13 17:35:45.476893 2016] [core:warn] [pid 4012:tid 612] AH00098: pid file C:/xampp/apache/logs/httpd.pid overwritten -- Unclean shutdown of previous Apache run?
[Tue Dec 13 17:35:46.224805 2016] [ssl:warn] [pid 4012:tid 612] AH01873: Init: Session Cache is not configured [hint: SSLSessionCache]
[Tue Dec 13 17:35:47.710333 2016] [mpm_winnt:notice] [pid 4012:tid 612] AH00455: Apache/2.4.3 (Win32) OpenSSL/1.0.1c PHP/5.4.7 configured -- resuming normal operations
[Tue Dec 13 17:35:47.710333 2016] [mpm_winnt:notice] [pid 4012:tid 612] AH00456: Server built: Aug 18 2012 12:41:37
[Tue Dec 13 17:35:47.710333 2016] [core:notice] [pid 4012:tid 612] AH00094: Command line: 'c:\\xampp\\apache\\bin\\httpd.exe -d C:/xampp/apache'
[Tue Dec 13 17:35:47.763287 2016] [mpm_winnt:notice] [pid 4012:tid 612] AH00418: Parent: Created child process 2516
[Tue Dec 13 17:35:52.759729 2016] [ssl:warn] [pid 2516:tid 504] AH01873: Init: Session Cache is not configured [hint: SSLSessionCache]
[Tue Dec 13 17:35:52.913465 2016] [mpm_winnt:notice] [pid 2516:tid 504] AH00354: Child: Starting 150 worker threads.
[Wed Dec 14 17:44:14.608981 2016] [core:warn] [pid 9976:tid 520] AH00098: pid file C:/xampp/apache/logs/httpd.pid overwritten -- Unclean shutdown of previous Apache run?
[Wed Dec 14 17:44:15.744276 2016] [ssl:warn] [pid 9976:tid 520] AH01873: Init: Session Cache is not configured [hint: SSLSessionCache]
[Wed Dec 14 17:44:18.198752 2016] [mpm_winnt:notice] [pid 9976:tid 520] AH00455: Apache/2.4.3 (Win32) OpenSSL/1.0.1c PHP/5.4.7 configured -- resuming normal operations
[Wed Dec 14 17:44:18.198752 2016] [mpm_winnt:notice] [pid 9976:tid 520] AH00456: Server built: Aug 18 2012 12:41:37
[Wed Dec 14 17:44:18.199287 2016] [core:notice] [pid 9976:tid 520] AH00094: Command line: 'c:\\xampp\\apache\\bin\\httpd.exe -d C:/xampp/apache'
[Wed Dec 14 17:44:18.248759 2016] [mpm_winnt:notice] [pid 9976:tid 520] AH00418: Parent: Created child process 6052
[Wed Dec 14 17:44:24.492581 2016] [ssl:warn] [pid 6052:tid 572] AH01873: Init: Session Cache is not configured [hint: SSLSessionCache]
[Wed Dec 14 17:44:24.701607 2016] [mpm_winnt:notice] [pid 6052:tid 572] AH00354: Child: Starting 150 worker threads.
[Wed Dec 14 18:19:05.607012 2016] [core:error] [pid 6052:tid 1960] (20024)The given path is misformatted or contained invalid characters: [client ::1:49310] AH00127: Cannot map GET /project/assets/Gambar_1.png%3E%3Ca%20href= HTTP/1.1 to file, referer: http://localhost/project/Home
[Wed Dec 14 18:22:36.388827 2016] [core:error] [pid 6052:tid 1960] (20024)The given path is misformatted or contained invalid characters: [client ::1:49470] AH00127: Cannot map GET /project/assets/Gambar_1.png%20%3Ca%20href=https://www.facebook.com/STMIK.KHARISMA.Makassar%3C/a%3E%20%3E%20%20%3C/body%3E%20%3C/html%3E%20%20%20%3C!--%20FOOTER%20--%3E%20%20%20%20%20%20%3Cbr%3E%3Cbr%3E%20%20%20%20%20%20%3Cfooter%3E%20%20%20%20%20%20%20%20%3Cp%20class= HTTP/1.1 to file, referer: http://localhost/project/Home
[Thu Dec 15 08:03:26.160862 2016] [core:warn] [pid 7568:tid 660] AH00098: pid file C:/xampp/apache/logs/httpd.pid overwritten -- Unclean shutdown of previous Apache run?
[Thu Dec 15 08:03:27.572230 2016] [ssl:warn] [pid 7568:tid 660] AH01873: Init: Session Cache is not configured [hint: SSLSessionCache]
[Thu Dec 15 08:03:30.105872 2016] [mpm_winnt:notice] [pid 7568:tid 660] AH00455: Apache/2.4.3 (Win32) OpenSSL/1.0.1c PHP/5.4.7 configured -- resuming normal operations
[Thu Dec 15 08:03:30.105872 2016] [mpm_winnt:notice] [pid 7568:tid 660] AH00456: Server built: Aug 18 2012 12:41:37
[Thu Dec 15 08:03:30.105872 2016] [core:notice] [pid 7568:tid 660] AH00094: Command line: 'c:\\xampp\\apache\\bin\\httpd.exe -d C:/xampp/apache'
[Thu Dec 15 08:03:30.990120 2016] [mpm_winnt:notice] [pid 7568:tid 660] AH00418: Parent: Created child process 5252
[Thu Dec 15 08:03:36.008488 2016] [ssl:warn] [pid 5252:tid 524] AH01873: Init: Session Cache is not configured [hint: SSLSessionCache]
[Thu Dec 15 08:03:36.200427 2016] [mpm_winnt:notice] [pid 5252:tid 524] AH00354: Child: Starting 150 worker threads.
[Fri Dec 16 18:37:02.911707 2016] [core:warn] [pid 4804:tid 528] AH00098: pid file C:/xampp/apache/logs/httpd.pid overwritten -- Unclean shutdown of previous Apache run?
[Fri Dec 16 18:37:03.833338 2016] [ssl:warn] [pid 4804:tid 528] AH01873: Init: Session Cache is not configured [hint: SSLSessionCache]
[Fri Dec 16 18:37:05.281216 2016] [mpm_winnt:notice] [pid 4804:tid 528] AH00455: Apache/2.4.3 (Win32) OpenSSL/1.0.1c PHP/5.4.7 configured -- resuming normal operations
[Fri Dec 16 18:37:05.281216 2016] [mpm_winnt:notice] [pid 4804:tid 528] AH00456: Server built: Aug 18 2012 12:41:37
[Fri Dec 16 18:37:05.281216 2016] [core:notice] [pid 4804:tid 528] AH00094: Command line: 'c:\\xampp\\apache\\bin\\httpd.exe -d C:/xampp/apache'
[Fri Dec 16 18:37:05.819702 2016] [mpm_winnt:notice] [pid 4804:tid 528] AH00418: Parent: Created child process 8748
[Fri Dec 16 18:37:10.391059 2016] [ssl:warn] [pid 8748:tid 588] AH01873: Init: Session Cache is not configured [hint: SSLSessionCache]
[Fri Dec 16 18:37:10.523012 2016] [mpm_winnt:notice] [pid 8748:tid 588] AH00354: Child: Starting 150 worker threads.
[Mon Dec 19 08:51:13.802803 2016] [core:warn] [pid 9488:tid 612] AH00098: pid file C:/xampp/apache/logs/httpd.pid overwritten -- Unclean shutdown of previous Apache run?
[Mon Dec 19 08:51:14.771555 2016] [ssl:warn] [pid 9488:tid 612] AH01873: Init: Session Cache is not configured [hint: SSLSessionCache]
[Mon Dec 19 08:51:21.787422 2016] [mpm_winnt:notice] [pid 9488:tid 612] AH00455: Apache/2.4.3 (Win32) OpenSSL/1.0.1c PHP/5.4.7 configured -- resuming normal operations
[Mon Dec 19 08:51:21.787422 2016] [mpm_winnt:notice] [pid 9488:tid 612] AH00456: Server built: Aug 18 2012 12:41:37
[Mon Dec 19 08:51:21.787422 2016] [core:notice] [pid 9488:tid 612] AH00094: Command line: 'c:\\xampp\\apache\\bin\\httpd.exe -d C:/xampp/apache'
[Mon Dec 19 08:51:21.865547 2016] [mpm_winnt:notice] [pid 9488:tid 612] AH00418: Parent: Created child process 1172
[Mon Dec 19 08:51:26.662415 2016] [ssl:warn] [pid 1172:tid 556] AH01873: Init: Session Cache is not configured [hint: SSLSessionCache]
[Mon Dec 19 08:51:26.803039 2016] [mpm_winnt:notice] [pid 1172:tid 556] AH00354: Child: Starting 150 worker threads.
[Mon Dec 19 09:32:10.718481 2016] [core:warn] [pid 8076:tid 516] AH00098: pid file C:/xampp/apache/logs/httpd.pid overwritten -- Unclean shutdown of previous Apache run?
[Mon Dec 19 09:32:11.921470 2016] [ssl:warn] [pid 8076:tid 516] AH01873: Init: Session Cache is not configured [hint: SSLSessionCache]
[Mon Dec 19 09:32:13.265244 2016] [mpm_winnt:notice] [pid 8076:tid 516] AH00455: Apache/2.4.3 (Win32) OpenSSL/1.0.1c PHP/5.4.7 configured -- resuming normal operations
[Mon Dec 19 09:32:13.265244 2016] [mpm_winnt:notice] [pid 8076:tid 516] AH00456: Server built: Aug 18 2012 12:41:37
[Mon Dec 19 09:32:13.265244 2016] [core:notice] [pid 8076:tid 516] AH00094: Command line: 'c:\\xampp\\apache\\bin\\httpd.exe -d C:/xampp/apache'
[Mon Dec 19 09:32:13.343367 2016] [mpm_winnt:notice] [pid 8076:tid 516] AH00418: Parent: Created child process 1380
[Mon Dec 19 09:32:18.640231 2016] [ssl:warn] [pid 1380:tid 604] AH01873: Init: Session Cache is not configured [hint: SSLSessionCache]
[Mon Dec 19 09:32:18.796450 2016] [mpm_winnt:notice] [pid 1380:tid 604] AH00354: Child: Starting 150 worker threads.
[Mon Dec 19 11:30:53.383668 2016] [core:warn] [pid 11940:tid 536] AH00098: pid file C:/xampp/apache/logs/httpd.pid overwritten -- Unclean shutdown of previous Apache run?
[Mon Dec 19 11:30:54.440612 2016] [ssl:warn] [pid 11940:tid 536] AH01873: Init: Session Cache is not configured [hint: SSLSessionCache]
[Mon Dec 19 11:30:54.639643 2016] [mpm_winnt:notice] [pid 11940:tid 536] AH00455: Apache/2.4.3 (Win32) OpenSSL/1.0.1c PHP/5.4.7 configured -- resuming normal operations
[Mon Dec 19 11:30:54.640140 2016] [mpm_winnt:notice] [pid 11940:tid 536] AH00456: Server built: Aug 18 2012 12:41:37
[Mon Dec 19 11:30:54.640140 2016] [core:notice] [pid 11940:tid 536] AH00094: Command line: 'c:\\xampp\\apache\\bin\\httpd.exe -d C:/xampp/apache'
[Mon Dec 19 11:30:55.284515 2016] [mpm_winnt:notice] [pid 11940:tid 536] AH00418: Parent: Created child process 11604
[Mon Dec 19 11:31:01.102465 2016] [ssl:warn] [pid 11604:tid 524] AH01873: Init: Session Cache is not configured [hint: SSLSessionCache]
[Mon Dec 19 11:31:01.322452 2016] [mpm_winnt:notice] [pid 11604:tid 524] AH00354: Child: Starting 150 worker threads.
[Wed Dec 21 11:42:17.621204 2016] [core:warn] [pid 7256:tid 528] AH00098: pid file C:/xampp/apache/logs/httpd.pid overwritten -- Unclean shutdown of previous Apache run?
[Wed Dec 21 11:42:18.321560 2016] [ssl:warn] [pid 7256:tid 528] AH01873: Init: Session Cache is not configured [hint: SSLSessionCache]
[Wed Dec 21 11:42:23.245826 2016] [mpm_winnt:notice] [pid 7256:tid 528] AH00455: Apache/2.4.3 (Win32) OpenSSL/1.0.1c PHP/5.4.7 configured -- resuming normal operations
[Wed Dec 21 11:42:23.245826 2016] [mpm_winnt:notice] [pid 7256:tid 528] AH00456: Server built: Aug 18 2012 12:41:37
[Wed Dec 21 11:42:23.245826 2016] [core:notice] [pid 7256:tid 528] AH00094: Command line: 'c:\\xampp\\apache\\bin\\httpd.exe -d C:/xampp/apache'
[Wed Dec 21 11:42:23.299532 2016] [mpm_winnt:notice] [pid 7256:tid 528] AH00418: Parent: Created child process 7184
[Wed Dec 21 11:42:27.869716 2016] [ssl:warn] [pid 7184:tid 516] AH01873: Init: Session Cache is not configured [hint: SSLSessionCache]
[Wed Dec 21 11:42:28.041593 2016] [mpm_winnt:notice] [pid 7184:tid 516] AH00354: Child: Starting 150 worker threads.
[Wed Dec 21 18:42:07.212520 2016] [core:warn] [pid 4924:tid 500] AH00098: pid file C:/xampp/apache/logs/httpd.pid overwritten -- Unclean shutdown of previous Apache run?
[Wed Dec 21 18:42:08.014177 2016] [ssl:warn] [pid 4924:tid 500] AH01873: Init: Session Cache is not configured [hint: SSLSessionCache]
[Wed Dec 21 18:42:09.786662 2016] [mpm_winnt:notice] [pid 4924:tid 500] AH00455: Apache/2.4.3 (Win32) OpenSSL/1.0.1c PHP/5.4.7 configured -- resuming normal operations
[Wed Dec 21 18:42:09.786662 2016] [mpm_winnt:notice] [pid 4924:tid 500] AH00456: Server built: Aug 18 2012 12:41:37
[Wed Dec 21 18:42:09.786662 2016] [core:notice] [pid 4924:tid 500] AH00094: Command line: 'c:\\xampp\\apache\\bin\\httpd.exe -d C:/xampp/apache'
[Wed Dec 21 18:42:10.445479 2016] [mpm_winnt:notice] [pid 4924:tid 500] AH00418: Parent: Created child process 5284
[Wed Dec 21 18:42:15.724006 2016] [ssl:warn] [pid 5284:tid 540] AH01873: Init: Session Cache is not configured [hint: SSLSessionCache]
[Wed Dec 21 18:42:15.902100 2016] [mpm_winnt:notice] [pid 5284:tid 540] AH00354: Child: Starting 150 worker threads.
[Wed Dec 21 19:40:54.531590 2016] [core:warn] [pid 5816:tid 536] AH00098: pid file C:/xampp/apache/logs/httpd.pid overwritten -- Unclean shutdown of previous Apache run?
[Wed Dec 21 19:40:55.550715 2016] [ssl:warn] [pid 5816:tid 536] AH01873: Init: Session Cache is not configured [hint: SSLSessionCache]
[Wed Dec 21 19:40:59.697158 2016] [mpm_winnt:notice] [pid 5816:tid 536] AH00455: Apache/2.4.3 (Win32) OpenSSL/1.0.1c PHP/5.4.7 configured -- resuming normal operations
[Wed Dec 21 19:40:59.697158 2016] [mpm_winnt:notice] [pid 5816:tid 536] AH00456: Server built: Aug 18 2012 12:41:37
[Wed Dec 21 19:40:59.697158 2016] [core:notice] [pid 5816:tid 536] AH00094: Command line: 'c:\\xampp\\apache\\bin\\httpd.exe -d C:/xampp/apache'
[Wed Dec 21 19:40:59.750130 2016] [mpm_winnt:notice] [pid 5816:tid 536] AH00418: Parent: Created child process 7480
[Wed Dec 21 19:41:05.283388 2016] [ssl:warn] [pid 7480:tid 608] AH01873: Init: Session Cache is not configured [hint: SSLSessionCache]
[Wed Dec 21 19:41:05.430604 2016] [mpm_winnt:notice] [pid 7480:tid 608] AH00354: Child: Starting 150 worker threads.
[Wed Dec 21 20:55:57.019770 2016] [core:warn] [pid 7100:tid 572] AH00098: pid file C:/xampp/apache/logs/httpd.pid overwritten -- Unclean shutdown of previous Apache run?
[Wed Dec 21 20:55:57.738451 2016] [ssl:warn] [pid 7100:tid 572] AH01873: Init: Session Cache is not configured [hint: SSLSessionCache]
[Wed Dec 21 20:55:58.707165 2016] [mpm_winnt:notice] [pid 7100:tid 572] AH00455: Apache/2.4.3 (Win32) OpenSSL/1.0.1c PHP/5.4.7 configured -- resuming normal operations
[Wed Dec 21 20:55:58.707165 2016] [mpm_winnt:notice] [pid 7100:tid 572] AH00456: Server built: Aug 18 2012 12:41:37
[Wed Dec 21 20:55:58.707165 2016] [core:notice] [pid 7100:tid 572] AH00094: Command line: 'c:\\xampp\\apache\\bin\\httpd.exe -d C:/xampp/apache'
[Wed Dec 21 20:55:58.738450 2016] [mpm_winnt:notice] [pid 7100:tid 572] AH00418: Parent: Created child process 8296
[Wed Dec 21 20:56:02.879065 2016] [ssl:warn] [pid 8296:tid 564] AH01873: Init: Session Cache is not configured [hint: SSLSessionCache]
[Wed Dec 21 20:56:03.035309 2016] [mpm_winnt:notice] [pid 8296:tid 564] AH00354: Child: Starting 150 worker threads.
